<?xml version="1.0" encoding="UTF-8"?>
<testsuite xmlns:xsi="http://www.w3.org/2001/XMLSchema-instance" xsi:noNamespaceSchemaLocation="https://maven.apache.org/surefire/maven-surefire-plugin/xsd/surefire-test-report-3.0.xsd" version="3.0" name="TreeTest" time="0.04" tests="1" errors="0" skipped="0" failures="1">
  <properties>
[...]
</properties>
  <testcase name="getSizeWords" classname="TreeTest" time="0.027">
    <failure type="org.opentest4j.AssertionFailedError"><![CDATA[org.opentest4j.AssertionFailedError: expected: <10> but was: <0>
	at TreeTest.getSizeWords(TreeTest.java:14)
]]></failure>
    <system-out><![CDATA[ medium
 list
 noo ls
 noo b
 cat
 bad
 ra t
 ra d
 f ox
 f ix
]]></system-out>
  </testcase>
</testsuite>