-------------------------------------------------------------------------------
Test set: TreeTest
-------------------------------------------------------------------------------
Tests run: 1, Failures: 1, Errors: 0, Skipped: 0, Time elapsed: 0.04 s <<< FAILURE! - in TreeTest
TreeTest.getSizeWords  Time elapsed: 0.027 s  <<< FAILURE!
org.opentest4j.AssertionFailedError: expected: <10> but was: <0>
	at TreeTest.getSizeWords(TreeTest.java:14)

